[2022-06-10 13:31:23] Текст ошибки: Class "app\models\AppController" not found | Файл: D:\OpenServer\domains\ishop.loc\app\controllers\MainController.php | Строка: 8
=================
[2022-06-10 13:32:08] Текст ошибки: Class "app\models\AppController" not found | Файл: D:\OpenServer\domains\ishop.loc\app\controllers\MainController.php | Строка: 9
=================
[2022-06-10 13:32:09] Текст ошибки: Class "app\models\AppController" not found | Файл: D:\OpenServer\domains\ishop.loc\app\controllers\MainController.php | Строка: 9
=================
[2022-06-10 13:32:41] Текст ошибки: Class "app\models\AppController" not found | Файл: D:\OpenServer\domains\ishop.loc\app\controllers\MainController.php | Строка: 9
=================
[2022-06-10 13:33:24] Текст ошибки: Class "app\models\AppController" not found | Файл: D:\OpenServer\domains\ishop.loc\app\controllers\MainController.php | Строка: 9
=================
[2022-06-10 13:33:24] Текст ошибки: Class "app\models\AppController" not found | Файл: D:\OpenServer\domains\ishop.loc\app\controllers\MainController.php | Строка: 9
=================
[2022-06-10 13:33:25] Текст ошибки: Class "app\models\AppController" not found | Файл: D:\OpenServer\domains\ishop.loc\app\controllers\MainController.php | Строка: 9
=================
[2022-06-10 13:35:05] Текст ошибки: Class "app\controllers\AppController" not found | Файл: D:\OpenServer\domains\ishop.loc\app\controllers\MainController.php | Строка: 9
=================
[2022-06-10 13:35:05] Текст ошибки: Class "app\controllers\AppController" not found | Файл: D:\OpenServer\domains\ishop.loc\app\controllers\MainController.php | Строка: 9
=================
[2022-06-10 13:35:36] Текст ошибки: Class "app\controllers\AppController" not found | Файл: D:\OpenServer\domains\ishop.loc\app\controllers\MainController.php | Строка: 8
=================
[2022-06-10 13:35:36] Текст ошибки: Class "app\controllers\AppController" not found | Файл: D:\OpenServer\domains\ishop.loc\app\controllers\MainController.php | Строка: 8
=================
[2022-06-10 13:35:36] Текст ошибки: Class "app\controllers\AppController" not found | Файл: D:\OpenServer\domains\ishop.loc\app\controllers\MainController.php | Строка: 8
=================
[2022-06-10 13:35:37] Текст ошибки: Class "app\controllers\AppController" not found | Файл: D:\OpenServer\domains\ishop.loc\app\controllers\MainController.php | Строка: 8
=================
[2022-06-10 13:35:37] Текст ошибки: Class "app\controllers\AppController" not found | Файл: D:\OpenServer\domains\ishop.loc\app\controllers\MainController.php | Строка: 8
=================
[2022-06-10 13:35:37] Текст ошибки: Class "app\controllers\AppController" not found | Файл: D:\OpenServer\domains\ishop.loc\app\controllers\MainController.php | Строка: 8
=================
[2022-06-10 13:37:06] Текст ошибки: Class "AppController" not found | Файл: D:\OpenServer\domains\ishop.loc\app\controllers\MainController.php | Строка: 8
=================
[2022-06-10 13:37:07] Текст ошибки: Class "AppController" not found | Файл: D:\OpenServer\domains\ishop.loc\app\controllers\MainController.php | Строка: 8
=================
[2022-06-10 13:40:31] Текст ошибки: Undefined array key "title" | Файл: D:\OpenServer\domains\ishop.loc\vendor\wfm\View.php | Строка: 52
=================
[2022-06-10 13:47:31] Текст ошибки: Undefined constant "app\controllers\slider" | Файл: D:\OpenServer\domains\ishop.loc\app\controllers\MainController.php | Строка: 14
=================
[2022-06-10 14:08:00] Текст ошибки: Страница не найдена | Файл: D:\OpenServer\domains\ishop.loc\vendor\wfm\Router.php | Строка: 63
=================
[2022-06-10 14:08:00] Текст ошибки: Страница не найдена | Файл: D:\OpenServer\domains\ishop.loc\vendor\wfm\Router.php | Строка: 63
=================
[2022-06-10 14:08:00] Текст ошибки: Страница не найдена | Файл: D:\OpenServer\domains\ishop.loc\vendor\wfm\Router.php | Строка: 63
=================
[2022-06-10 14:10:23] Текст ошибки: Страница не найдена | Файл: D:\OpenServer\domains\ishop.loc\vendor\wfm\Router.php | Строка: 63
=================
[2022-06-10 14:10:23] Текст ошибки: Страница не найдена | Файл: D:\OpenServer\domains\ishop.loc\vendor\wfm\Router.php | Строка: 63
=================
[2022-06-10 14:10:23] Текст ошибки: Страница не найдена | Файл: D:\OpenServer\domains\ishop.loc\vendor\wfm\Router.php | Строка: 63
=================
[2022-06-10 14:14:54] Текст ошибки: Страница не найдена | Файл: D:\OpenServer\domains\ishop.loc\vendor\wfm\Router.php | Строка: 63
=================
[2022-06-10 14:15:30] Текст ошибки: Undefined variable $slides | Файл: D:\OpenServer\domains\ishop.loc\app\views\Main\index.php | Строка: 2
=================
[2022-06-10 14:15:51] Текст ошибки: Страница не найдена | Файл: D:\OpenServer\domains\ishop.loc\vendor\wfm\Router.php | Строка: 63
=================
[2022-06-10 14:15:51] Текст ошибки: Страница не найдена | Файл: D:\OpenServer\domains\ishop.loc\vendor\wfm\Router.php | Строка: 63
=================
[2022-06-10 14:15:51] Текст ошибки: Страница не найдена | Файл: D:\OpenServer\domains\ishop.loc\vendor\wfm\Router.php | Строка: 63
=================
[2022-06-10 14:15:54] Текст ошибки: Страница не найдена | Файл: D:\OpenServer\domains\ishop.loc\vendor\wfm\Router.php | Строка: 63
=================
[2022-06-10 14:15:54] Текст ошибки: Страница не найдена | Файл: D:\OpenServer\domains\ishop.loc\vendor\wfm\Router.php | Строка: 63
=================
[2022-06-10 14:15:54] Текст ошибки: Страница не найдена | Файл: D:\OpenServer\domains\ishop.loc\vendor\wfm\Router.php | Строка: 63
=================
[2022-06-10 14:15:58] Текст ошибки: Страница не найдена | Файл: D:\OpenServer\domains\ishop.loc\vendor\wfm\Router.php | Строка: 63
=================
[2022-06-10 14:15:58] Текст ошибки: Страница не найдена | Файл: D:\OpenServer\domains\ishop.loc\vendor\wfm\Router.php | Строка: 63
=================
[2022-06-10 14:15:58] Текст ошибки: Страница не найдена | Файл: D:\OpenServer\domains\ishop.loc\vendor\wfm\Router.php | Строка: 63
=================
[2022-06-10 14:16:22] Текст ошибки: Страница не найдена | Файл: D:\OpenServer\domains\ishop.loc\vendor\wfm\Router.php | Строка: 63
=================
[2022-06-10 14:16:22] Текст ошибки: Страница не найдена | Файл: D:\OpenServer\domains\ishop.loc\vendor\wfm\Router.php | Строка: 63
=================
[2022-06-10 14:16:22] Текст ошибки: Страница не найдена | Файл: D:\OpenServer\domains\ishop.loc\vendor\wfm\Router.php | Строка: 63
=================
[2022-06-10 14:16:26] Текст ошибки: Страница не найдена | Файл: D:\OpenServer\domains\ishop.loc\vendor\wfm\Router.php | Строка: 63
=================
[2022-06-10 14:16:26] Текст ошибки: Страница не найдена | Файл: D:\OpenServer\domains\ishop.loc\vendor\wfm\Router.php | Строка: 63
=================
[2022-06-10 14:16:26] Текст ошибки: Страница не найдена | Файл: D:\OpenServer\domains\ishop.loc\vendor\wfm\Router.php | Строка: 63
=================
[2022-06-10 14:19:19] Текст ошибки: Undefined variable $slides | Файл: D:\OpenServer\domains\ishop.loc\app\views\Main\index.php | Строка: 2
=================
[2022-06-10 14:19:19] Текст ошибки: Страница не найдена | Файл: D:\OpenServer\domains\ishop.loc\vendor\wfm\Router.php | Строка: 63
=================
[2022-06-10 14:19:47] Текст ошибки: Undefined variable $slides | Файл: D:\OpenServer\domains\ishop.loc\app\views\Main\index.php | Строка: 3
=================
[2022-06-10 14:19:50] Текст ошибки: Undefined variable $slides | Файл: D:\OpenServer\domains\ishop.loc\app\views\Main\index.php | Строка: 3
=================
[2022-06-10 14:20:05] Текст ошибки: Undefined variable $slides | Файл: D:\OpenServer\domains\ishop.loc\app\views\Main\index.php | Строка: 3
=================
[2022-06-10 14:20:07] Текст ошибки: Undefined variable $slides | Файл: D:\OpenServer\domains\ishop.loc\app\views\Main\index.php | Строка: 3
=================
[2022-06-10 14:20:07] Текст ошибки: Undefined variable $slides | Файл: D:\OpenServer\domains\ishop.loc\app\views\Main\index.php | Строка: 3
=================
[2022-06-10 14:20:08] Текст ошибки: Undefined variable $slides | Файл: D:\OpenServer\domains\ishop.loc\app\views\Main\index.php | Строка: 3
=================
[2022-06-10 14:20:08] Текст ошибки: Страница не найдена | Файл: D:\OpenServer\domains\ishop.loc\vendor\wfm\Router.php | Строка: 63
=================
[2022-06-10 14:20:43] Текст ошибки: Undefined variable $slides | Файл: D:\OpenServer\domains\ishop.loc\app\views\Main\index.php | Строка: 3
=================
[2022-06-10 14:20:44] Текст ошибки: Undefined variable $slides | Файл: D:\OpenServer\domains\ishop.loc\app\views\Main\index.php | Строка: 3
=================
[2022-06-10 14:20:44] Текст ошибки: Undefined variable $slides | Файл: D:\OpenServer\domains\ishop.loc\app\views\Main\index.php | Строка: 3
=================
[2022-06-10 14:35:56] Текст ошибки: Undefined variable $slides | Файл: D:\OpenServer\domains\ishop.loc\app\views\Main\index.php | Строка: 5
=================
[2022-06-10 14:36:34] Текст ошибки: syntax error, unexpected end of file, expecting "elseif" or "else" or "endif" | Файл: D:\OpenServer\domains\ishop.loc\app\views\Main\index.php | Строка: 199
=================
[2022-06-10 14:39:05] Текст ошибки: Undefined variable $slides | Файл: D:\OpenServer\domains\ishop.loc\app\views\Main\index.php | Строка: 6
=================
[2022-06-10 14:39:17] Текст ошибки: Undefined variable $slides | Файл: D:\OpenServer\domains\ishop.loc\app\views\Main\index.php | Строка: 5
=================
[2022-06-10 14:39:17] Текст ошибки: Undefined variable $slides | Файл: D:\OpenServer\domains\ishop.loc\app\views\Main\index.php | Строка: 5
=================
[2022-06-10 14:41:36] Текст ошибки: Страница не найдена | Файл: D:\OpenServer\domains\ishop.loc\vendor\wfm\Router.php | Строка: 63
=================
[2022-06-10 14:41:36] Текст ошибки: Страница не найдена | Файл: D:\OpenServer\domains\ishop.loc\vendor\wfm\Router.php | Строка: 63
=================
[2022-06-10 14:41:36] Текст ошибки: Страница не найдена | Файл: D:\OpenServer\domains\ishop.loc\vendor\wfm\Router.php | Строка: 63
=================
[2022-06-10 14:41:56] Текст ошибки: Страница не найдена | Файл: D:\OpenServer\domains\ishop.loc\vendor\wfm\Router.php | Строка: 63
=================
[2022-06-10 14:41:56] Текст ошибки: Страница не найдена | Файл: D:\OpenServer\domains\ishop.loc\vendor\wfm\Router.php | Строка: 63
=================
[2022-06-10 14:41:56] Текст ошибки: Страница не найдена | Файл: D:\OpenServer\domains\ishop.loc\vendor\wfm\Router.php | Строка: 63
=================
[2022-06-10 14:45:10] Текст ошибки: Страница не найдена | Файл: D:\OpenServer\domains\ishop.loc\vendor\wfm\Router.php | Строка: 63
=================
[2022-06-10 14:45:10] Текст ошибки: Страница не найдена | Файл: D:\OpenServer\domains\ishop.loc\vendor\wfm\Router.php | Строка: 63
=================
[2022-06-10 14:45:10] Текст ошибки: Страница не найдена | Файл: D:\OpenServer\domains\ishop.loc\vendor\wfm\Router.php | Строка: 63
=================
[2022-06-10 14:45:13] Текст ошибки: Страница не найдена | Файл: D:\OpenServer\domains\ishop.loc\vendor\wfm\Router.php | Строка: 63
=================
[2022-06-10 14:45:13] Текст ошибки: Страница не найдена | Файл: D:\OpenServer\domains\ishop.loc\vendor\wfm\Router.php | Строка: 63
=================
[2022-06-10 14:45:13] Текст ошибки: Страница не найдена | Файл: D:\OpenServer\domains\ishop.loc\vendor\wfm\Router.php | Строка: 63
=================
[2022-06-10 14:45:13] Текст ошибки: Страница не найдена | Файл: D:\OpenServer\domains\ishop.loc\vendor\wfm\Router.php | Строка: 63
=================
[2022-06-10 14:45:13] Текст ошибки: Страница не найдена | Файл: D:\OpenServer\domains\ishop.loc\vendor\wfm\Router.php | Строка: 63
=================
[2022-06-10 14:45:14] Текст ошибки: Страница не найдена | Файл: D:\OpenServer\domains\ishop.loc\vendor\wfm\Router.php | Строка: 63
=================
[2022-06-10 14:45:14] Текст ошибки: Страница не найдена | Файл: D:\OpenServer\domains\ishop.loc\vendor\wfm\Router.php | Строка: 63
=================
[2022-06-10 14:45:14] Текст ошибки: Страница не найдена | Файл: D:\OpenServer\domains\ishop.loc\vendor\wfm\Router.php | Строка: 63
=================
[2022-06-10 14:45:19] Текст ошибки: Страница не найдена | Файл: D:\OpenServer\domains\ishop.loc\vendor\wfm\Router.php | Строка: 63
=================
[2022-06-10 14:45:19] Текст ошибки: Страница не найдена | Файл: D:\OpenServer\domains\ishop.loc\vendor\wfm\Router.php | Строка: 63
=================
[2022-06-10 14:45:19] Текст ошибки: Страница не найдена | Файл: D:\OpenServer\domains\ishop.loc\vendor\wfm\Router.php | Строка: 63
=================
[2022-06-10 14:46:49] Текст ошибки: Страница не найдена | Файл: D:\OpenServer\domains\ishop.loc\vendor\wfm\Router.php | Строка: 63
=================
[2022-06-10 14:46:49] Текст ошибки: Страница не найдена | Файл: D:\OpenServer\domains\ishop.loc\vendor\wfm\Router.php | Строка: 63
=================
[2022-06-10 14:46:49] Текст ошибки: Страница не найдена | Файл: D:\OpenServer\domains\ishop.loc\vendor\wfm\Router.php | Строка: 63
=================
[2022-06-10 14:47:07] Текст ошибки: Страница не найдена | Файл: D:\OpenServer\domains\ishop.loc\vendor\wfm\Router.php | Строка: 63
=================
[2022-06-10 14:48:59] Текст ошибки: Страница не найдена | Файл: D:\OpenServer\domains\ishop.loc\vendor\wfm\Router.php | Строка: 63
=================
[2022-06-10 14:48:59] Текст ошибки: Страница не найдена | Файл: D:\OpenServer\domains\ishop.loc\vendor\wfm\Router.php | Строка: 63
=================
[2022-06-10 14:48:59] Текст ошибки: Страница не найдена | Файл: D:\OpenServer\domains\ishop.loc\vendor\wfm\Router.php | Строка: 63
=================
[2022-06-10 14:49:13] Текст ошибки: Страница не найдена | Файл: D:\OpenServer\domains\ishop.loc\vendor\wfm\Router.php | Строка: 63
=================
[2022-06-10 14:54:27] Текст ошибки: Undefined array key 0 | Файл: D:\OpenServer\domains\ishop.loc\app\views\Main\index.php | Строка: 20
=================
[2022-06-10 14:54:49] Текст ошибки: Undefined array key 0 | Файл: D:\OpenServer\domains\ishop.loc\app\views\Main\index.php | Строка: 20
=================
[2022-06-10 14:54:50] Текст ошибки: Undefined array key 0 | Файл: D:\OpenServer\domains\ishop.loc\app\views\Main\index.php | Строка: 20
=================
[2022-06-10 14:55:19] Текст ошибки: Undefined array key 0 | Файл: D:\OpenServer\domains\ishop.loc\app\views\Main\index.php | Строка: 19
=================
[2022-06-10 14:55:20] Текст ошибки: Undefined array key 0 | Файл: D:\OpenServer\domains\ishop.loc\app\views\Main\index.php | Строка: 19
=================
[2022-06-10 14:55:25] Текст ошибки: Undefined array key 0 | Файл: D:\OpenServer\domains\ishop.loc\app\views\Main\index.php | Строка: 20
=================
[2022-06-10 14:56:40] Текст ошибки: Undefined array key 0 | Файл: D:\OpenServer\domains\ishop.loc\app\views\Main\index.php | Строка: 20
=================
